# JRE version: Java(TM) SE Runtime Environment (11.0.6+8) (build 11.0.6+8-LTS)
# Java VM: Java HotSpot(TM) 64-Bit Server VM (11.0.6+8-LTS, mixed mode, tiered, compressed oops, g1 gc, windows-amd64)
Heap:
 garbage-first heap   total 61440K, used 34131K [0x00000000c4a00000, 0x0000000100000000)
  region size 1024K, 9 young (9216K), 1 survivors (1024K)
 Metaspace       used 14776K, capacity 15180K, committed 15232K, reserved 1062912K
  class space    used 1477K, capacity 1618K, committed 1664K, reserved 1048576K
GC Heap History (7 events):
Event: 2.015 GC heap before
{Heap before GC invocations=0 (full 0):
 garbage-first heap   total 61440K, used 14336K [0x00000000c4a00000, 0x0000000100000000)
  region size 1024K, 14 young (14336K), 0 survivors (0K)
 Metaspace       used 6411K, capacity 6494K, committed 6784K, reserved 1056768K
  class space    used 543K, capacity 567K, committed 640K, reserved 1048576K
}
Event: 2.033 GC heap after
{Heap after GC invocations=1 (full 0):
 garbage-first heap   total 61440K, used 12008K [0x00000000c4a00000, 0x0000000100000000)
  region size 1024K, 2 young (2048K), 2 survivors (2048K)
 Metaspace       used 6411K, capacity 6494K, committed 6784K, reserved 1056768K
  class space    used 543K, capacity 567K, committed 640K, reserved 1048576K
}
Event: 2.200 GC heap before
{Heap before GC invocations=1 (full 0):
 garbage-first heap   total 61440K, used 19176K [0x00000000c4a00000, 0x0000000100000000)
  region size 1024K, 10 young (10240K), 2 survivors (2048K)
 Metaspace       used 6450K, capacity 6494K, committed 6784K, reserved 1056768K
  class space    used 543K, capacity 567K, committed 640K, reserved 1048576K
}
Event: 2.208 GC heap after
{Heap after GC invocations=2 (full 0):
 garbage-first heap   total 61440K, used 20200K [0x00000000c4a00000, 0x0000000100000000)
  region size 1024K, 2 young (2048K), 2 survivors (2048K)
 Metaspace       used 6450K, capacity 6494K, committed 6784K, reserved 1056768K
  class space    used 543K, capacity 567K, committed 640K, reserved 1048576K
}
Event: 4.595 GC heap before
{Heap before GC invocations=2 (full 0):
 garbage-first heap   total 61440K, used 29416K [0x00000000c4a00000, 0x0000000100000000)
  region size 1024K, 12 young (12288K), 2 survivors (2048K)
 Metaspace       used 12493K, capacity 12806K, committed 12928K, reserved 1060864K
  class space    used 1244K, capacity 1354K, committed 1408K, reserved 1048576K
}
Event: 4.604 GC heap after
{Heap after GC invocations=3 (full 0):
 garbage-first heap   total 61440K, used 25939K [0x00000000c4a00000, 0x0000000100000000)
  region size 1024K, 2 young (2048K), 2 survivors (2048K)
 Metaspace       used 12493K, capacity 12806K, committed 12928K, reserved 1060864K
  class space    used 1244K, capacity 1354K, committed 1408K, reserved 1048576K
}
Event: 5.182 GC heap before
{Heap before GC invocations=3 (full 0):
 garbage-first heap   total 61440K, used 33107K [0x00000000c4a00000, 0x0000000100000000)
  region size 1024K, 10 young (10240K), 2 survivors (2048K)
 Metaspace       used 14776K, capacity 15180K, committed 15232K, reserved 1062912K
  class space    used 1477K, capacity 1618K, committed 1664K, reserved 1048576K
}

