# JRE version: Java(TM) SE Runtime Environment (11.0.6+8) (build 11.0.6+8-LTS)
# Java VM: Java HotSpot(TM) 64-Bit Server VM (11.0.6+8-LTS, mixed mode, tiered, compressed oops, g1 gc, windows-amd64)
Heap:
 garbage-first heap   total 61440K, used 26293K [0x00000000c4a00000, 0x0000000100000000)
  region size 1024K, 4 young (4096K), 2 survivors (2048K)
 Metaspace       used 12245K, capacity 12623K, committed 12672K, reserved 1060864K
  class space    used 1292K, capacity 1404K, committed 1408K, reserved 1048576K
GC Heap History (6 events):
Event: 1.458 GC heap before
{Heap before GC invocations=0 (full 0):
 garbage-first heap   total 61440K, used 14336K [0x00000000c4a00000, 0x0000000100000000)
  region size 1024K, 14 young (14336K), 0 survivors (0K)
 Metaspace       used 6122K, capacity 6174K, committed 6272K, reserved 1056768K
  class space    used 543K, capacity 567K, committed 640K, reserved 1048576K
}
Event: 1.473 GC heap after
{Heap after GC invocations=1 (full 0):
 garbage-first heap   total 61440K, used 11907K [0x00000000c4a00000, 0x0000000100000000)
  region size 1024K, 2 young (2048K), 2 survivors (2048K)
 Metaspace       used 6122K, capacity 6174K, committed 6272K, reserved 1056768K
  class space    used 543K, capacity 567K, committed 640K, reserved 1048576K
}
Event: 1.602 GC heap before
{Heap before GC invocations=1 (full 0):
 garbage-first heap   total 61440K, used 19075K [0x00000000c4a00000, 0x0000000100000000)
  region size 1024K, 10 young (10240K), 2 survivors (2048K)
 Metaspace       used 6122K, capacity 6174K, committed 6272K, reserved 1056768K
  class space    used 543K, capacity 567K, committed 640K, reserved 1048576K
}
Event: 1.610 GC heap after
{Heap after GC invocations=2 (full 0):
 garbage-first heap   total 61440K, used 19452K [0x00000000c4a00000, 0x0000000100000000)
  region size 1024K, 2 young (2048K), 2 survivors (2048K)
 Metaspace       used 6122K, capacity 6174K, committed 6272K, reserved 1056768K
  class space    used 543K, capacity 567K, committed 640K, reserved 1048576K
}
Event: 2.967 GC heap before
{Heap before GC invocations=2 (full 0):
 garbage-first heap   total 61440K, used 29692K [0x00000000c4a00000, 0x0000000100000000)
  region size 1024K, 12 young (12288K), 2 survivors (2048K)
 Metaspace       used 11828K, capacity 12131K, committed 12416K, reserved 1060864K
  class space    used 1255K, capacity 1364K, committed 1408K, reserved 1048576K
}
Event: 2.973 GC heap after
{Heap after GC invocations=3 (full 0):
 garbage-first heap   total 61440K, used 25269K [0x00000000c4a00000, 0x0000000100000000)
  region size 1024K, 2 young (2048K), 2 survivors (2048K)
 Metaspace       used 11828K, capacity 12131K, committed 12416K, reserved 1060864K
  class space    used 1255K, capacity 1364K, committed 1408K, reserved 1048576K
}

